<?xml version="1.0" encoding="UTF-8"?>
<!-- Generated by org.testng.reporters.JUnitReportReporter -->
<testsuite skipped="0" hostname="DESKTOP-UEKV3TE" name="Scripts.logintest" tests="2" failures="0" timestamp="2020-01-18T17:42:20 IST" time="21.799" errors="0">
  <testcase name="validLogin" time="12.532" classname="Scripts.logintest"/>
  <testcase name="InvalidLogin" time="9.267" classname="Scripts.logintest"/>
</testsuite> <!-- Scripts.logintest -->
